MIP gestart: 30-07-2023 18:10:00 :  calc_optimum
Locatie:  51.96569895385981:6.729175765067341
MySQL database connection successful. Default database: day_ahead

Prog_data:
                  tijd        time   temp  glob_rad  pv_rad  da_price
0  2023-07-30 18:00:00  1690732800  19.00     85.00  110.70      0.00
1  2023-07-30 19:00:00  1690736400  19.00     46.00   60.34      0.07
2  2023-07-30 20:00:00  1690740000  19.00     11.00   12.55      0.08
3  2023-07-30 21:00:00  1690743600  19.00      0.00    0.00      0.09
4  2023-07-30 22:00:00  1690747200  18.00      0.00    0.00      0.09
5  2023-07-30 23:00:00  1690750800  17.00      0.00    0.00      0.07
6  2023-07-31 00:00:00  1690754400  16.00      0.00    0.00      0.06
7  2023-07-31 01:00:00  1690758000  16.00      0.00    0.00      0.05
8  2023-07-31 02:00:00  1690761600  16.00      0.00    0.00      0.04
9  2023-07-31 03:00:00  1690765200  16.00      0.00    0.00      0.03
10 2023-07-31 04:00:00  1690768800  16.00      0.00    0.00      0.03
11 2023-07-31 05:00:00  1690772400  16.00      0.00    0.00      0.05
12 2023-07-31 06:00:00  1690776000  16.00      1.00    1.00      0.08
13 2023-07-31 07:00:00  1690779600  16.00     21.00   23.95      0.09
14 2023-07-31 08:00:00  1690783200  16.00     56.00   70.98      0.09
15 2023-07-31 09:00:00  1690786800  16.00      6.00    6.83      0.09
16 2023-07-31 10:00:00  1690790400  16.00      8.00    8.27      0.07
17 2023-07-31 11:00:00  1690794000  16.00     10.00    9.72      0.07
18 2023-07-31 12:00:00  1690797600  16.00      4.00    4.00      0.07
19 2023-07-31 13:00:00  1690801200  16.00     14.00   12.86      0.06
20 2023-07-31 14:00:00  1690804800  16.00     20.00   18.32      0.06
21 2023-07-31 15:00:00  1690808400  16.00      5.00    5.00      0.06
22 2023-07-31 16:00:00  1690812000  16.00      6.00    5.75      0.07
23 2023-07-31 17:00:00  1690815600  16.00      4.00    4.00      0.08
24 2023-07-31 18:00:00  1690819200  16.00      1.00    1.00      0.09
25 2023-07-31 19:00:00  1690822800  16.00      0.00    0.00      0.10
26 2023-07-31 20:00:00  1690826400  16.00      1.00    1.00      0.10
27 2023-07-31 21:00:00  1690830000  16.00      0.00    0.00      0.10
28 2023-07-31 22:00:00  1690833600  16.00      0.00    0.00      0.10
29 2023-07-31 23:00:00  1690837200  16.00      0.00    0.00      0.09

Prijs levering:
[0.17909209999999998,
 0.26421559999999994,
 0.2764366,
 0.2792922,
 0.2785177999999999,
 0.25898839999999995,
 0.24807419999999997,
 0.23534499999999997,
 0.22757679999999997,
 0.21089089999999996,
 0.20920899999999995,
 0.23510299999999995,
 0.26765199999999995,
 0.27844519999999995,
 0.2808651999999999,
 0.2782879,
 0.2639857,
 0.255915,
 0.2532409,
 0.24641649999999996,
 0.24582359999999998,
 0.24682789999999996,
 0.2561328,
 0.2659217,
 0.28130079999999996,
 0.2921182,
 0.29505849999999995,
 0.2935944,
 0.28955299999999995,
 0.2803691]

Prijs teruglevering:
[0.17909209999999998,
 0.26421559999999994,
 0.2764366,
 0.2792922,
 0.2785177999999999,
 0.25898839999999995,
 0.24807419999999997,
 0.23534499999999997,
 0.22757679999999997,
 0.21089089999999996,
 0.20920899999999995,
 0.23510299999999995,
 0.26765199999999995,
 0.27844519999999995,
 0.2808651999999999,
 0.2782879,
 0.2639857,
 0.255915,
 0.2532409,
 0.24641649999999996,
 0.24582359999999998,
 0.24682789999999996,
 0.2561328,
 0.2659217,
 0.28130079999999996,
 0.2921182,
 0.29505849999999995,
 0.2935944,
 0.28955299999999995,
 0.2803691]

Base load:
[0.75,
 0.75,
 0.75,
 0.75,
 0.75,
 0.75,
 0.75,
 0.75,
 0.8,
 0.9,
 1.0,
 1.0,
 1.0,
 1.0,
 1.0,
 1.0,
 1.0,
 1.25,
 1.5,
 1.25,
 1.25,
 1.25,
 1.0,
 1.0]
all taxes refund (alles wordt gesaldeerd)

Boiler:  17 23
EV vermogen: 11.04 kW
EV plugged in: [True]

Auto
Tesla klaar om:  24 uur
Strategie: minimale kosten

Geen saldeer correctie
Niet geoptimaliseerd, kosten met reguliere tarieven:  19.23
Niet geoptimaliseerd, kosten met day ahead tarieven:   7.05
Geoptimaliseerd, kosten met day ahead tarieven:   6.04
Levering (kWh):  23.092045897886273
Waarde boiler om 23 uur:  12.12  kWh
Batterij:  LFP304
In- en uitgaande energie per uur in kWh op de busbar
 uur  ac->dc  dc->ac  dc->ba  ba_dc     pv     soc
  18    0.65    0.00    0.65   0.00   0.00   98.00
  19    0.00    0.00    0.00   0.00   0.00   98.00
  20    0.00    0.00    0.00   0.00   0.00   98.00
  21    0.00    0.00    0.00   0.00   0.00   98.00
  22    0.00    0.00    0.00   0.00   0.00   98.00
  23    0.00    0.00    0.00   0.00   0.00   98.00
   0    0.00    0.00    0.00   0.00   0.00   98.00
   1    0.00    0.00    0.00   0.00   0.00   98.00
   2    0.00    0.00    0.00   0.00   0.00   98.00
   3    0.00    0.00    0.00   0.00   0.00   98.00
   4    0.00    0.00    0.00   0.00   0.00   98.00
   5    0.00    0.00    0.00   0.00   0.00   98.00
   6    0.00    0.00    0.00   0.00   0.00   98.00
   7    0.00    0.00    0.00   0.00   0.00   98.00
   8    0.00    0.00    0.00   0.00   0.00   98.00
   9    0.00    0.00    0.00   0.00   0.00   98.00
  10    0.00    0.00    0.00   0.00   0.00   98.00
  11    0.00    0.00    0.00   0.00   0.00   98.00
  12    0.00    0.00    0.00   0.00   0.00   98.00
  13    0.00    0.00    0.00   0.00   0.00   98.00
  14    0.00    0.00    0.00   0.00   0.00   98.00
  15    0.00    0.00    0.00   0.00   0.00   98.00
  16    0.00    0.00    0.00   0.00   0.00   98.00
  17    0.00    0.00    0.00   0.00   0.00   98.00
  18    0.00    7.00    0.00   7.00   0.00   85.46
  19    0.00   10.53    0.00  10.53   0.00   66.59
  20    0.00   10.53    0.00  10.53   0.00   47.73
  21    0.00   10.53    0.00  10.53   0.00   28.86
  22    0.00   10.53    0.00  10.53   0.00   10.00
  23    0.00    0.00    0.00   0.00   0.00   10.00
 399    0.65   49.10    0.65  49.10   0.00 2600.64


 uur  bat in  bat out  con_l  c_t_t  c_t_n  bas_l   boil     wp     ev     pv  kos_l  k_t_t  k_t_n  kos_t   b_tem
  18    0.68     0.00   2.64   0.00   0.00   1.50   0.00   0.00   2.80   2.34   0.47  -0.00  -0.00  -0.00   55.80
  19    0.00     0.00   0.00   0.29   0.00   1.25   0.00   0.00   0.00   1.54   0.00  -0.08  -0.00  -0.08   55.40
  20    0.00     0.00   0.93   0.00   0.00   1.25   0.00   0.00   0.00   0.32   0.26  -0.00  -0.00  -0.00   55.00
  21    0.00     0.00   1.25   0.00   0.00   1.25   0.00   0.00   0.00   0.00   0.35  -0.00  -0.00  -0.00   54.60
  22    0.00     0.00   1.00   0.00   0.00   1.00   0.00   0.00   0.00   0.00   0.28  -0.00  -0.00  -0.00   54.20
  23    0.00     0.00   1.00   0.00   0.00   1.00   0.00   0.00   0.00   0.00   0.26  -0.00  -0.00  -0.00   53.80
   0    0.00     0.00   0.75   0.00   0.00   0.75   0.00   0.00   0.00   0.00   0.19  -0.00  -0.00  -0.00   53.40
   1    0.00     0.00   0.75   0.00   0.00   0.75   0.00   0.00   0.00   0.00   0.18  -0.00  -0.00  -0.00   53.00
   2    0.00     0.00   0.75   0.00   0.00   0.75   0.00   0.00   0.00   0.00   0.17  -0.00  -0.00  -0.00   52.60
   3    0.00     0.00   0.75   0.00   0.00   0.75   0.00   0.00   0.00   0.00   0.16  -0.00  -0.00  -0.00   52.20
   4    0.00     0.00   0.75   0.00   0.00   0.75   0.00   0.00   0.00   0.00   0.16  -0.00  -0.00  -0.00   51.80
   5    0.00     0.00   0.75   0.00   0.00   0.75   0.00   0.00   0.00   0.00   0.18  -0.00  -0.00  -0.00   51.40
   6    0.00     0.00   0.72   0.00   0.00   0.75   0.00   0.00   0.00   0.03   0.19  -0.00  -0.00  -0.00   51.00
   7    0.00     0.00   0.14   0.00   0.00   0.75   0.00   0.00   0.00   0.61   0.04  -0.00  -0.00  -0.00   50.60
   8    0.00     0.00   0.00   1.01   0.00   0.80   0.00   0.00   0.00   1.81   0.00  -0.28  -0.00  -0.28   50.20
   9    0.00     0.00   0.73   0.00   0.00   0.90   0.00   0.00   0.00   0.17   0.20  -0.00  -0.00  -0.00   49.80
  10    0.00     0.00   0.79   0.00   0.00   1.00   0.00   0.00   0.00   0.21   0.21  -0.00  -0.00  -0.00   49.40
  11    0.00     0.00   0.75   0.00   0.00   1.00   0.00   0.00   0.00   0.25   0.19  -0.00  -0.00  -0.00   49.00
  12    0.00     0.00   0.90   0.00   0.00   1.00   0.00   0.00   0.00   0.10   0.23  -0.00  -0.00  -0.00   48.60
  13    0.00     0.00   0.67   0.00   0.00   1.00   0.00   0.00   0.00   0.33   0.17  -0.00  -0.00  -0.00   48.20
  14    0.00     0.00   0.53   0.00   0.00   1.00   0.00   0.00   0.00   0.47   0.13  -0.00  -0.00  -0.00   47.80
  15    0.00     0.00   0.87   0.00   0.00   1.00   0.00   0.00   0.00   0.13   0.22  -0.00  -0.00  -0.00   47.40
  16    0.00     0.00   0.85   0.00   0.00   1.00   0.00   0.00   0.00   0.15   0.22  -0.00  -0.00  -0.00   47.00
  17    0.00     0.00   3.81   0.00   0.00   1.25   2.66   0.00   0.00   0.10   1.01  -0.00  -0.00  -0.00   56.80
  18    0.00     6.65   0.00   5.17   0.00   1.50   0.00   0.00   0.00   0.03   0.00  -1.46  -0.00  -1.46   56.40
  19    0.00    10.00   0.00   8.75   0.00   1.25   0.00   0.00   0.00   0.00   0.00  -2.56  -0.00  -2.56   56.00
  20    0.00    10.00   0.00   8.78   0.00   1.25   0.00   0.00   0.00   0.03   0.00  -2.59  -0.00  -2.59   55.60
  21    0.00    10.00   0.00   8.75   0.00   1.25   0.00   0.00   0.00   0.00   0.00  -2.57  -0.00  -2.57   55.20
  22    0.00    10.00   0.00   9.00   0.00   1.00   0.00   0.00   0.00   0.00   0.00  -2.61  -0.00  -2.61   54.80
  23    0.00     0.00   1.00   0.00   0.00   1.00   0.00   0.00   0.00   0.00   0.28  -0.00  -0.00  -0.00   54.40
 399    0.68    46.65  23.09  41.75   0.00  30.45   2.66   0.00   2.80   8.60   5.73 -12.14   0.00 -12.14 1571.40

Winst:    1.00

Doorzetten van alle settings naar HA
Netto vermogen uit grid batterij 0:  1000  W
Balanceren:  False
tot:  2023-07-30 18:58:50
