MIP gestart: 31-07-2023 10:20:00 :  calc_optimum
Locatie:  51.96569895385981:6.729175765067341
MySQL database connection successful. Default database: day_ahead

Prog_data:
                  tijd        time   temp  glob_rad  pv_rad  da_price
0  2023-07-31 10:00:00  1690790400  16.00      3.00    3.00      0.07
1  2023-07-31 11:00:00  1690794000  16.00      3.00    3.00      0.07
2  2023-07-31 12:00:00  1690797600  16.00     10.00    9.36      0.07
3  2023-07-31 13:00:00  1690801200  17.00     29.00   26.64      0.06
4  2023-07-31 14:00:00  1690804800  17.00     49.00   44.90      0.06
5  2023-07-31 15:00:00  1690808400  17.00     16.00   14.86      0.06
6  2023-07-31 16:00:00  1690812000  17.00     39.00   37.37      0.07
7  2023-07-31 17:00:00  1690815600  17.00     17.00   17.17      0.08
8  2023-07-31 18:00:00  1690819200  17.00      2.00    2.00      0.09
9  2023-07-31 19:00:00  1690822800  17.00      0.00    0.00      0.10
10 2023-07-31 20:00:00  1690826400  16.00      1.00    1.00      0.10
11 2023-07-31 21:00:00  1690830000  16.00      0.00    0.00      0.10
12 2023-07-31 22:00:00  1690833600  16.00      0.00    0.00      0.10
13 2023-07-31 23:00:00  1690837200  16.00      0.00    0.00      0.09

Prijs levering:
[0.2639857,
 0.255915,
 0.2532409,
 0.24641649999999996,
 0.24582359999999998,
 0.24682789999999996,
 0.2561328,
 0.2659217,
 0.28130079999999996,
 0.2921182,
 0.29505849999999995,
 0.2935944,
 0.28955299999999995,
 0.2803691]

Prijs teruglevering:
[0.2639857,
 0.255915,
 0.2532409,
 0.24641649999999996,
 0.24582359999999998,
 0.24682789999999996,
 0.2561328,
 0.2659217,
 0.28130079999999996,
 0.2921182,
 0.29505849999999995,
 0.2935944,
 0.28955299999999995,
 0.2803691]

Base load:
[0.75,
 0.75,
 0.75,
 0.75,
 0.75,
 0.75,
 0.75,
 0.75,
 0.8,
 0.9,
 1.0,
 1.0,
 1.0,
 1.0,
 1.0,
 1.0,
 1.0,
 1.25,
 1.5,
 1.25,
 1.25,
 1.25,
 1.0,
 1.0]
All taxes refund (alles wordt gesaldeerd)

Boiler: geen opwarming
Boiler eind temperatuur:  47.6
EV vermogen: 11.04 kW
EV plugged in: [True]

Auto
Tesla klaar om:  24 uur
Strategie: minimale kosten

Geen saldeer correctie
Niet geoptimaliseerd, kosten met reguliere tarieven:  10.16
Niet geoptimaliseerd, kosten met day ahead tarieven:   3.69
Geoptimaliseerd, kosten met day ahead tarieven:   2.84
Levering (kWh):  8.849309527040411
Waarde boiler om 23 uur:  -2.09  kWh
Batterij:  LFP304
In- en uitgaande energie per uur in kWh op de busbar
 uur  ac->dc  dc->ac  dc->ba  ba_dc     pv    soc
  10    0.00    0.00    0.00   0.00   0.00  82.00
  11    0.00    0.00    0.00   0.00   0.00  82.00
  12    0.00    0.00    0.00   0.00   0.00  82.00
  13    0.00    0.00    0.00   0.00   0.00  82.00
  14    0.00    0.00    0.00   0.00   0.00  82.00
  15    0.00    0.00    0.00   0.00   0.00  82.00
  16    0.00    0.00    0.00   0.00   0.00  82.00
  17    0.00    0.00    0.00   0.00   0.00  82.00
  18    0.00    0.00    0.00   0.00   0.00  82.00
  19    0.00   10.53    0.00  10.53   0.00  63.14
  20    0.00   10.53    0.00  10.53   0.00  44.27
  21    0.00   10.53    0.00  10.53   0.00  25.41
  22    0.00    8.60    0.00   8.60   0.00  10.00
  23    0.00    0.00    0.00   0.00   0.00  10.00
 231    0.00   40.18    0.00  40.18   0.00 890.81


 uur  bat in  bat out  con_l  c_t_t  c_t_n  bas_l   boil     wp     ev     pv  kos_l  k_t_t  k_t_n  kos_t  b_tem
  10    0.00     0.00   0.95   0.00   0.00   1.00   0.00   0.00   0.00   0.05   0.25  -0.00  -0.00  -0.00   5.20
  11    0.00     0.00   0.92   0.00   0.00   1.00   0.00   0.00   0.00   0.08   0.24  -0.00  -0.00  -0.00   4.80
  12    0.00     0.00   0.76   0.00   0.00   1.00   0.00   0.00   0.00   0.24   0.19  -0.00  -0.00  -0.00   4.40
  13    0.00     0.00   0.32   0.00   0.00   1.00   0.00   0.00   0.00   0.68   0.08  -0.00  -0.00  -0.00   4.00
  14    0.00     0.00   1.96   0.00   0.00   1.00   0.00   0.00   2.10   1.14   0.48  -0.00  -0.00  -0.00   3.60
  15    0.00     0.00   0.62   0.00   0.00   1.00   0.00   0.00   0.00   0.38   0.15  -0.00  -0.00  -0.00   3.20
  16    0.00     0.00   0.05   0.00   0.00   1.00   0.00   0.00   0.00   0.95   0.01  -0.00  -0.00  -0.00   2.80
  17    0.00     0.00   0.81   0.00   0.00   1.25   0.00   0.00   0.00   0.44   0.22  -0.00  -0.00  -0.00   2.40
  18    0.00     0.00   1.45   0.00   0.00   1.50   0.00   0.00   0.00   0.05   0.41  -0.00  -0.00  -0.00   2.00
  19    0.00    10.00   0.00   8.75   0.00   1.25   0.00   0.00   0.00   0.00   0.00  -2.56  -0.00  -2.56   1.60
  20    0.00    10.00   0.00   8.78   0.00   1.25   0.00   0.00   0.00   0.03   0.00  -2.59  -0.00  -2.59   1.20
  21    0.00    10.00   0.00   8.75   0.00   1.25   0.00   0.00   0.00   0.00   0.00  -2.57  -0.00  -2.57   0.80
  22    0.00     8.17   0.00   7.17   0.00   1.00   0.00   0.00   0.00   0.00   0.00  -2.08  -0.00  -2.08   0.40
  23    0.00     0.00   1.00   0.00   0.00   1.00   0.00   0.00   0.00   0.00   0.28  -0.00  -0.00  -0.00   0.00
 231    0.00    38.17   8.85  33.44   0.00  15.50   0.00   0.00   2.10   4.03   2.31  -9.79   0.00  -9.79  36.40

Winst:    0.85

Doorzetten van alle settings naar HA
Netto vermogen uit grid batterij 0:  0  W
Balanceren:  False
