MIP gestart: 31-07-2023 08:20:00 :  calc_optimum
Locatie:  51.96569895385981:6.729175765067341
MySQL database connection successful. Default database: day_ahead

Prog_data:
                  tijd        time   temp  glob_rad  pv_rad  da_price
0  2023-07-31 08:00:00  1690783200  15.00      4.00    4.00      0.09
1  2023-07-31 09:00:00  1690786800  15.00      3.00    3.00      0.09
2  2023-07-31 10:00:00  1690790400  15.00      8.00    8.27      0.07
3  2023-07-31 11:00:00  1690794000  15.00      6.00    5.83      0.07
4  2023-07-31 12:00:00  1690797600  16.00     11.00   10.30      0.07
5  2023-07-31 13:00:00  1690801200  17.00     69.00   63.38      0.06
6  2023-07-31 14:00:00  1690804800  17.00    106.00   97.90      0.06
7  2023-07-31 15:00:00  1690808400  17.00      8.00    7.43      0.06
8  2023-07-31 16:00:00  1690812000  17.00     14.00   13.42      0.07
9  2023-07-31 17:00:00  1690815600  17.00      4.00    4.00      0.08
10 2023-07-31 18:00:00  1690819200  17.00      1.00    1.00      0.09
11 2023-07-31 19:00:00  1690822800  17.00      1.00    1.00      0.10
12 2023-07-31 20:00:00  1690826400  17.00      0.00    0.00      0.10
13 2023-07-31 21:00:00  1690830000  17.00      0.00    0.00      0.10
14 2023-07-31 22:00:00  1690833600  17.00      0.00    0.00      0.10
15 2023-07-31 23:00:00  1690837200  17.00      0.00    0.00      0.09

Prijs levering:
[0.2808651999999999,
 0.2782879,
 0.2639857,
 0.255915,
 0.2532409,
 0.24641649999999996,
 0.24582359999999998,
 0.24682789999999996,
 0.2561328,
 0.2659217,
 0.28130079999999996,
 0.2921182,
 0.29505849999999995,
 0.2935944,
 0.28955299999999995,
 0.2803691]

Prijs teruglevering:
[0.2808651999999999,
 0.2782879,
 0.2639857,
 0.255915,
 0.2532409,
 0.24641649999999996,
 0.24582359999999998,
 0.24682789999999996,
 0.2561328,
 0.2659217,
 0.28130079999999996,
 0.2921182,
 0.29505849999999995,
 0.2935944,
 0.28955299999999995,
 0.2803691]

Base load:
[0.75,
 0.75,
 0.75,
 0.75,
 0.75,
 0.75,
 0.75,
 0.75,
 0.8,
 0.9,
 1.0,
 1.0,
 1.0,
 1.0,
 1.0,
 1.0,
 1.0,
 1.25,
 1.5,
 1.25,
 1.25,
 1.25,
 1.0,
 1.0]
All taxes refund (alles wordt gesaldeerd)

Boiler: geen opwarming
Boiler eind temperatuur:  49.5
EV vermogen: 11.04 kW
EV plugged in: [True]

Auto
Tesla klaar om:  24 uur
Strategie: minimale kosten

Geen saldeer correctie
Niet geoptimaliseerd, kosten met reguliere tarieven:   9.76
Niet geoptimaliseerd, kosten met day ahead tarieven:   3.63
Geoptimaliseerd, kosten met day ahead tarieven:   2.76
Levering (kWh):  9.027485514760762
Waarde boiler om 23 uur:  -2.09  kWh
Batterij:  LFP304
In- en uitgaande energie per uur in kWh op de busbar
 uur  ac->dc  dc->ac  dc->ba  ba_dc     pv     soc
   8    0.00    0.00    0.00   0.00   0.00   84.00
   9    0.00    0.00    0.00   0.00   0.00   84.00
  10    0.00    0.00    0.00   0.00   0.00   84.00
  11    0.00    0.00    0.00   0.00   0.00   84.00
  12    0.00    0.00    0.00   0.00   0.00   84.00
  13    0.00    0.00    0.00   0.00   0.00   84.00
  14    0.00    0.00    0.00   0.00   0.00   84.00
  15    0.00    0.00    0.00   0.00   0.00   84.00
  16    0.00    0.00    0.00   0.00   0.00   84.00
  17    0.00    0.00    0.00   0.00   0.00   84.00
  18    0.00    0.00    0.00   0.00   0.00   84.00
  19    0.00   10.53    0.00  10.53   0.00   65.14
  20    0.00   10.53    0.00  10.53   0.00   46.27
  21    0.00   10.53    0.00  10.53   0.00   27.41
  22    0.00    9.71    0.00   9.71   0.00   10.00
  23    0.00    0.00    0.00   0.00   0.00   10.00
 248    0.00   41.29    0.00  41.29   0.00 1082.81


 uur  bat in  bat out  con_l  c_t_t  c_t_n  bas_l   boil     wp     ev     pv  kos_l  k_t_t  k_t_n  kos_t  b_tem
   8    0.00     0.00   0.73   0.00   0.00   0.80   0.00   0.00   0.00   0.07   0.21  -0.00  -0.00  -0.00   6.00
   9    0.00     0.00   0.82   0.00   0.00   0.90   0.00   0.00   0.00   0.08   0.23  -0.00  -0.00  -0.00   5.60
  10    0.00     0.00   0.79   0.00   0.00   1.00   0.00   0.00   0.00   0.21   0.21  -0.00  -0.00  -0.00   5.20
  11    0.00     0.00   0.85   0.00   0.00   1.00   0.00   0.00   0.00   0.15   0.22  -0.00  -0.00  -0.00   4.80
  12    0.00     0.00   0.74   0.00   0.00   1.00   0.00   0.00   0.00   0.26   0.19  -0.00  -0.00  -0.00   4.40
  13    0.00     0.00   0.00   0.61   0.00   1.00   0.00   0.00   0.00   1.61   0.00  -0.15  -0.00  -0.15   4.00
  14    0.00     0.00   0.00   0.09   0.00   1.00   0.00   0.00   1.40   2.49   0.00  -0.02  -0.00  -0.02   3.60
  15    0.00     0.00   0.81   0.00   0.00   1.00   0.00   0.00   0.00   0.19   0.20  -0.00  -0.00  -0.00   3.20
  16    0.00     0.00   0.66   0.00   0.00   1.00   0.00   0.00   0.00   0.34   0.17  -0.00  -0.00  -0.00   2.80
  17    0.00     0.00   1.15   0.00   0.00   1.25   0.00   0.00   0.00   0.10   0.31  -0.00  -0.00  -0.00   2.40
  18    0.00     0.00   1.47   0.00   0.00   1.50   0.00   0.00   0.00   0.03   0.41  -0.00  -0.00  -0.00   2.00
  19    0.00    10.00   0.00   8.78   0.00   1.25   0.00   0.00   0.00   0.03   0.00  -2.56  -0.00  -2.56   1.60
  20    0.00    10.00   0.00   8.75   0.00   1.25   0.00   0.00   0.00   0.00   0.00  -2.58  -0.00  -2.58   1.20
  21    0.00    10.00   0.00   8.75   0.00   1.25   0.00   0.00   0.00   0.00   0.00  -2.57  -0.00  -2.57   0.80
  22    0.00     9.23   0.00   8.23   0.00   1.00   0.00   0.00   0.00   0.00   0.00  -2.38  -0.00  -2.38   0.40
  23    0.00     0.00   1.00   0.00   0.00   1.00   0.00   0.00   0.00   0.00   0.28  -0.00  -0.00  -0.00   0.00
 248    0.00    39.23   9.03  35.20   0.00  17.20   0.00   0.00   1.40   5.55   2.42 -10.27   0.00 -10.27  48.00

Winst:    0.87

Doorzetten van alle settings naar HA
Netto vermogen uit grid batterij 0:  0  W
Balanceren:  False
