2022-12-13T19:00:00  :  calc_optimum 

                  tijd        time   temp  glob_rad  pv_rad  da_price
0  2022-12-13 19:00:00  1670954400  -3.00      0.00    0.00      0.52
1  2022-12-13 20:00:00  1670958000  -3.00      0.00    0.00      0.40
2  2022-12-13 21:00:00  1670961600  -3.00      0.00    0.00      0.34
3  2022-12-13 22:00:00  1670965200  -3.00      0.00    0.00      0.30
4  2022-12-13 23:00:00  1670968800  -3.00      0.00    0.00      0.28
5  2022-12-14 00:00:00  1670972400  -3.00      0.00    0.00      0.27
6  2022-12-14 01:00:00  1670976000  -3.00      0.00    0.00      0.27
7  2022-12-14 02:00:00  1670979600  -3.00      0.00    0.00      0.27
8  2022-12-14 03:00:00  1670983200  -4.00      0.00    0.00      0.28
9  2022-12-14 04:00:00  1670986800  -5.00      0.00    0.00      0.28
10 2022-12-14 05:00:00  1670990400  -5.00      0.00    0.00      0.31
11 2022-12-14 06:00:00  1670994000  -5.00      0.00    0.00      0.37
12 2022-12-14 07:00:00  1670997600  -5.00      0.00    0.00      0.49
13 2022-12-14 08:00:00  1671001200  -6.00      0.00    0.00      0.54
14 2022-12-14 09:00:00  1671004800  -6.00      1.00    1.00      0.57
15 2022-12-14 10:00:00  1671008400  -6.00     19.00   22.56      0.57
16 2022-12-14 11:00:00  1671012000  -5.00     48.00   68.37      0.57
17 2022-12-14 12:00:00  1671015600  -4.00     63.00   96.33      0.46
18 2022-12-14 13:00:00  1671019200  -3.00     80.00  140.12      0.45
19 2022-12-14 14:00:00  1671022800  -2.00     79.00  149.19      0.51
20 2022-12-14 15:00:00  1671026400  -1.00     56.00  105.75      0.53
21 2022-12-14 16:00:00  1671030000  -1.00     25.00   23.19      0.55
22 2022-12-14 17:00:00  1671033600  -2.00      1.00    1.00      0.59
23 2022-12-14 18:00:00  1671037200  -3.00      0.00    0.00      0.56
24 2022-12-14 19:00:00  1671040800  -4.00      0.00    0.00      0.52
25 2022-12-14 20:00:00  1671044400  -5.00      0.00    0.00      0.49
26 2022-12-14 21:00:00  1671048000  -6.00      0.00    0.00      0.40
27 2022-12-14 22:00:00  1671051600  -7.00      0.00    0.00      0.35
28 2022-12-14 23:00:00  1671055200  -8.00      0.00    0.00      0.32
[0.6385874, 0.5114171000000001, 0.4476957000000001, 0.40436820000000007, 0.38408330000000007, 0.3701531, 0.3720606000000001, 0.3707308000000001, 0.37854610000000005, 0.3817071, 0.41331710000000005, 0.4775399, 0.6150434, 0.6641152, 0.6965209, 0.6915723, 0.6946570000000001, 0.5749968, 0.5677483, 0.6368216, 0.6516238000000001, 0.6695761, 0.7186260999999999, 0.6826561000000001, 0.6429474, 0.6073371, 0.5078964000000001, 0.45890090000000006, 0.42395550000000004]
[0.6364074, 0.5092371, 0.44551570000000007, 0.40218820000000005, 0.38190330000000006, 0.36797310000000005, 0.36988060000000006, 0.36855080000000007, 0.3763661000000001, 0.3795271, 0.41113710000000003, 0.47535990000000006, 0.6128634000000001, 0.6619352, 0.6943409, 0.6893923000000001, 0.692477, 0.5728168, 0.5655683, 0.6346416, 0.6494438, 0.6673961, 0.7164461, 0.6804761, 0.6407674, 0.6051571, 0.5057164000000001, 0.45672090000000004, 0.4217755]
[0.68,
 1.03,
 1.18,
 0.65,
 0.54,
 0.63,
 0.7,
 0.65,
 0.34,
 0.31,
 0.16,
 0.38,
 0.69,
 0.59,
 1.13,
 0.93,
 0.53,
 1.02,
 0.51,
 0.62,
 0.62,
 0.62,
 0.55,
 0.55]
{'consumption': 2634.602, 'production': 441.7470000000003}
all taxes refund
boiler:  13 23
Geen saldeer correctie
Niet geoptimaliseerd, kosten met reguliere tarieven:   5.60
Niet geoptimaliseerd, kosten met day ahead tarieven:   4.54
Geoptimaliseerd, kosten met day ahead tarieven:   0.23
Waarde boiler om 23 uur:   1.05  kWh

 optimale kosten 0.231415 found: 29

         uur  accu_in  accu_out     soc  con_l  c_t_t  c_t_n  bas_l   boil     ev     pv  kos_l  kos_t  k_t_n   b_tem
0      19.00     0.00      0.26   17.00   0.36   0.00   0.00   0.62   0.00   0.00   0.00   0.23  -0.00  -0.00   52.10
1      20.00     0.00      0.00   17.00   0.62   0.00   0.00   0.62   0.00   0.00   0.00   0.32  -0.00  -0.00   51.70
2      21.00     0.00      0.00   17.00   0.62   0.00   0.00   0.62   0.00   0.00   0.00   0.28  -0.00  -0.00   51.30
3      22.00     1.13      0.00   20.52   1.68   0.00   0.00   0.55   0.00   0.00   0.00   0.68  -0.00  -0.00   50.90
4      23.00     4.00      0.00   32.93   4.55   0.00   0.00   0.55   0.00   0.00   0.00   1.75  -0.00  -0.00   50.50
5       0.00     4.00      0.00   45.34   4.68   0.00   0.00   0.68   0.00   0.00   0.00   1.73  -0.00  -0.00   50.10
6       1.00     4.00      0.00   57.76   5.03   0.00   0.00   1.03   0.00   0.00   0.00   1.87  -0.00  -0.00   49.70
7       2.00     4.00      0.00   70.17   5.18   0.00   0.00   1.18   0.00   0.00   0.00   1.92  -0.00  -0.00   49.30
8       3.00     4.00      0.00   82.59   4.65   0.00   0.00   0.65   0.00   0.00   0.00   1.76  -0.00  -0.00   48.90
9       4.00     4.00      0.00   95.00   4.54   0.00   0.00   0.54   0.00   0.00   0.00   1.73  -0.00  -0.00   48.50
10      5.00     0.00      0.00   95.00   0.63   0.00   0.00   0.63   0.00   0.00   0.00   0.26  -0.00  -0.00   48.10
11      6.00     0.00      0.00   95.00   0.70   0.00   0.00   0.70   0.00   0.00   0.00   0.33  -0.00  -0.00   47.70
12      7.00     0.00      0.00   95.00   0.65   0.00   0.00   0.65   0.00   0.00   0.00   0.40  -0.00  -0.00   47.30
13      8.00     0.00      0.00   95.00   0.34   0.00   0.00   0.34   0.00   0.00   0.00   0.23  -0.00  -0.00   46.90
14      9.00     0.00      4.00   79.67   0.00   3.71   0.00   0.31   0.00   0.00   0.01   0.00  -2.57  -0.00   46.50
15     10.00     0.00      4.00   64.35   0.00   4.18   0.00   0.16   0.00   0.00   0.34   0.00  -2.88  -0.00   46.10
16     11.00     0.00      4.00   49.02   0.00   4.65   0.00   0.38   0.00   0.00   1.03   0.00  -3.22  -0.00   45.70
17     12.00     0.00      0.00   49.02   0.00   0.75   0.00   0.69   0.00   0.00   1.44   0.00  -0.43  -0.00   45.30
18     13.00     0.00      0.00   49.02   0.00   1.51   0.00   0.59   0.00   0.00   2.10   0.00  -0.86  -0.00   44.90
19     14.00     0.00      0.00   49.02   0.00   1.11   0.00   1.13   0.00   0.00   2.24   0.00  -0.70  -0.00   44.50
20     15.00     0.00      0.00   49.02   0.00   0.66   0.00   0.93   0.00   0.00   1.59   0.00  -0.43  -0.00   44.10
21     16.00     0.00      0.36   47.65   0.00   0.18   0.00   0.53   0.00   0.00   0.35   0.00  -0.12  -0.00   43.70
22     17.00     0.00      4.00   32.33   0.00   3.00   0.00   1.02   0.00   0.00   0.01   0.00  -2.15  -0.00   43.30
23     18.00     0.00      4.00   17.00   0.00   3.49   0.00   0.51   0.00   0.00   0.00   0.00  -2.37  -0.00   42.90
24     19.00     0.00      0.00   17.00   0.62   0.00   0.00   0.62   0.00   0.00   0.00   0.40  -0.00  -0.00   42.50
25     20.00     0.00      0.00   17.00   0.62   0.00   0.00   0.62   0.00   0.00   0.00   0.38  -0.00  -0.00   42.10
26     21.00     0.00      0.00   17.00   0.62   0.00   0.00   0.62   0.00   0.00   0.00   0.31  -0.00  -0.00   41.70
27     22.00     0.00      0.00   17.00   0.55   0.00   0.00   0.55   0.00   0.00   0.00   0.25  -0.00  -0.00   41.30
28     23.00     4.00      0.00   29.41   5.45   0.00   0.00   0.55   0.90   0.00   0.00   2.31  -0.00  -0.00   52.56
total 381.00    29.13     20.62 1418.84  42.09  23.22   0.00  18.57   0.90   0.00   9.11  17.14 -15.72   0.00 1360.16
Winst:    5.37
Netto vermogen uit grid:  -1000  W
Balanceren:  False
tot:  2022-12-13 19:15:36
