MIP gestart: 31-07-2023 04:10:00 :  calc_optimum
Locatie:  51.96569895385981:6.729175765067341
MySQL database connection successful. Default database: day_ahead

Prog_data:
                  tijd        time   temp  glob_rad  pv_rad  da_price
0  2023-07-31 04:00:00  1690768800  15.00      0.00    0.00      0.03
1  2023-07-31 05:00:00  1690772400  15.00      0.00    0.00      0.05
2  2023-07-31 06:00:00  1690776000  15.00      0.00    0.00      0.08
3  2023-07-31 07:00:00  1690779600  15.00     15.00   17.11      0.09
4  2023-07-31 08:00:00  1690783200  15.00      4.00    4.00      0.09
5  2023-07-31 09:00:00  1690786800  15.00      3.00    3.00      0.09
6  2023-07-31 10:00:00  1690790400  15.00      8.00    8.27      0.07
7  2023-07-31 11:00:00  1690794000  15.00      6.00    5.83      0.07
8  2023-07-31 12:00:00  1690797600  16.00     11.00   10.30      0.07
9  2023-07-31 13:00:00  1690801200  17.00     69.00   63.38      0.06
10 2023-07-31 14:00:00  1690804800  17.00    106.00   97.90      0.06
11 2023-07-31 15:00:00  1690808400  17.00      8.00    7.43      0.06
12 2023-07-31 16:00:00  1690812000  17.00     14.00   13.42      0.07
13 2023-07-31 17:00:00  1690815600  17.00      4.00    4.00      0.08
14 2023-07-31 18:00:00  1690819200  17.00      1.00    1.00      0.09
15 2023-07-31 19:00:00  1690822800  17.00      1.00    1.00      0.10
16 2023-07-31 20:00:00  1690826400  17.00      0.00    0.00      0.10
17 2023-07-31 21:00:00  1690830000  17.00      0.00    0.00      0.10
18 2023-07-31 22:00:00  1690833600  17.00      0.00    0.00      0.10
19 2023-07-31 23:00:00  1690837200  17.00      0.00    0.00      0.09

Prijs levering:
[0.20920899999999995,
 0.23510299999999995,
 0.26765199999999995,
 0.27844519999999995,
 0.2808651999999999,
 0.2782879,
 0.2639857,
 0.255915,
 0.2532409,
 0.24641649999999996,
 0.24582359999999998,
 0.24682789999999996,
 0.2561328,
 0.2659217,
 0.28130079999999996,
 0.2921182,
 0.29505849999999995,
 0.2935944,
 0.28955299999999995,
 0.2803691]

Prijs teruglevering:
[0.20920899999999995,
 0.23510299999999995,
 0.26765199999999995,
 0.27844519999999995,
 0.2808651999999999,
 0.2782879,
 0.2639857,
 0.255915,
 0.2532409,
 0.24641649999999996,
 0.24582359999999998,
 0.24682789999999996,
 0.2561328,
 0.2659217,
 0.28130079999999996,
 0.2921182,
 0.29505849999999995,
 0.2935944,
 0.28955299999999995,
 0.2803691]

Base load:
[0.75,
 0.75,
 0.75,
 0.75,
 0.75,
 0.75,
 0.75,
 0.75,
 0.8,
 0.9,
 1.0,
 1.0,
 1.0,
 1.0,
 1.0,
 1.0,
 1.0,
 1.25,
 1.5,
 1.25,
 1.25,
 1.25,
 1.0,
 1.0]
All taxes refund (alles wordt gesaldeerd)

Boiler: geen opwarming
Boiler eind temperatuur:  42.5
EV vermogen: 11.04 kW
EV plugged in: [True]

Auto
Tesla klaar om:  24 uur
Strategie: minimale kosten

Geen saldeer correctie
Niet geoptimaliseerd, kosten met reguliere tarieven:  11.68
Niet geoptimaliseerd, kosten met day ahead tarieven:   4.34
Geoptimaliseerd, kosten met day ahead tarieven:   3.43
Levering (kWh):  12.309598916382614
Waarde boiler om 23 uur:  -2.09  kWh
Batterij:  LFP304
In- en uitgaande energie per uur in kWh op de busbar
 uur  ac->dc  dc->ac  dc->ba  ba_dc     pv     soc
   4    0.00    0.00    0.00   0.00   0.00   88.00
   5    0.00    0.00    0.00   0.00   0.00   88.00
   6    0.00    0.00    0.00   0.00   0.00   88.00
   7    0.00    0.00    0.00   0.00   0.00   88.00
   8    0.00    0.73    0.00   0.73   0.00   86.68
   9    0.00    0.00    0.00   0.00   0.00   86.68
  10    0.00    0.00    0.00   0.00   0.00   86.68
  11    0.00    0.00    0.00   0.00   0.00   86.68
  12    0.00    0.00    0.00   0.00   0.00   86.68
  13    0.00    0.00    0.00   0.00   0.00   86.68
  14    0.00    0.00    0.00   0.00   0.00   86.68
  15    0.00    0.00    0.00   0.00   0.00   86.68
  16    0.00    0.00    0.00   0.00   0.00   86.68
  17    0.00    0.00    0.00   0.00   0.00   86.68
  18    0.00    0.68    0.00   0.68   0.00   85.46
  19    0.00   10.53    0.00  10.53   0.00   66.59
  20    0.00   10.53    0.00  10.53   0.00   47.73
  21    0.00   10.53    0.00  10.53   0.00   28.86
  22    0.00   10.53    0.00  10.53   0.00   10.00
  23    0.00    0.00    0.00   0.00   0.00   10.00
 270    0.00   43.52    0.00  43.52   0.00 1467.48


 uur  bat in  bat out  con_l  c_t_t  c_t_n  bas_l   boil     wp     ev     pv  kos_l  k_t_t  k_t_n  kos_t  b_tem
   4    0.00     0.00   2.85   0.00   0.00   0.75   0.00   0.00   2.10   0.00   0.60  -0.00  -0.00  -0.00   7.60
   5    0.00     0.00   0.75   0.00   0.00   0.75   0.00   0.00   0.00   0.00   0.18  -0.00  -0.00  -0.00   7.20
   6    0.00     0.00   0.75   0.00   0.00   0.75   0.00   0.00   0.00   0.00   0.20  -0.00  -0.00  -0.00   6.80
   7    0.00     0.00   0.31   0.00   0.00   0.75   0.00   0.00   0.00   0.44   0.09  -0.00  -0.00  -0.00   6.40
   8    0.00     0.70   0.00   0.00   0.00   0.80   0.00   0.00   0.00   0.10   0.00  -0.00  -0.00  -0.00   6.00
   9    0.00     0.00   0.82   0.00   0.00   0.90   0.00   0.00   0.00   0.08   0.23  -0.00  -0.00  -0.00   5.60
  10    0.00     0.00   0.79   0.00   0.00   1.00   0.00   0.00   0.00   0.21   0.21  -0.00  -0.00  -0.00   5.20
  11    0.00     0.00   0.85   0.00   0.00   1.00   0.00   0.00   0.00   0.15   0.22  -0.00  -0.00  -0.00   4.80
  12    0.00     0.00   0.74   0.00   0.00   1.00   0.00   0.00   0.00   0.26   0.19  -0.00  -0.00  -0.00   4.40
  13    0.00     0.00   0.00   0.61   0.00   1.00   0.00   0.00   0.00   1.61   0.00  -0.15  -0.00  -0.15   4.00
  14    0.00     0.00   0.00   1.49   0.00   1.00   0.00   0.00   0.00   2.49   0.00  -0.37  -0.00  -0.37   3.60
  15    0.00     0.00   0.81   0.00   0.00   1.00   0.00   0.00   0.00   0.19   0.20  -0.00  -0.00  -0.00   3.20
  16    0.00     0.00   0.66   0.00   0.00   1.00   0.00   0.00   0.00   0.34   0.17  -0.00  -0.00  -0.00   2.80
  17    0.00     0.00   1.15   0.00   0.00   1.25   0.00   0.00   0.00   0.10   0.31  -0.00  -0.00  -0.00   2.40
  18    0.00     0.65   0.82   0.00   0.00   1.50   0.00   0.00   0.00   0.03   0.23  -0.00  -0.00  -0.00   2.00
  19    0.00    10.00   0.00   8.78   0.00   1.25   0.00   0.00   0.00   0.03   0.00  -2.56  -0.00  -2.56   1.60
  20    0.00    10.00   0.00   8.75   0.00   1.25   0.00   0.00   0.00   0.00   0.00  -2.58  -0.00  -2.58   1.20
  21    0.00    10.00   0.00   8.75   0.00   1.25   0.00   0.00   0.00   0.00   0.00  -2.57  -0.00  -2.57   0.80
  22    0.00    10.00   0.00   9.00   0.00   1.00   0.00   0.00   0.00   0.00   0.00  -2.61  -0.00  -2.61   0.40
  23    0.00     0.00   1.00   0.00   0.00   1.00   0.00   0.00   0.00   0.00   0.28  -0.00  -0.00  -0.00   0.00
 270    0.00    41.35  12.31  37.38   0.00  20.20   0.00   0.00   2.10   6.02   3.09 -10.84   0.00 -10.84  76.00

Winst:    0.90

Doorzetten van alle settings naar HA
Netto vermogen uit grid batterij 0:  0  W
Balanceren:  False
