MIP gestart: 30-07-2023 22:30:00 :  calc_optimum
Locatie:  51.96569895385981:6.729175765067341
MySQL database connection successful. Default database: day_ahead

Prog_data:
                  tijd        time   temp  glob_rad  pv_rad  da_price
0  2023-07-30 22:00:00  1690747200  17.00      0.00    0.00      0.09
1  2023-07-30 23:00:00  1690750800  16.00      0.00    0.00      0.07
2  2023-07-31 00:00:00  1690754400  16.00      0.00    0.00      0.06
3  2023-07-31 01:00:00  1690758000  16.00      0.00    0.00      0.05
4  2023-07-31 02:00:00  1690761600  16.00      0.00    0.00      0.04
5  2023-07-31 03:00:00  1690765200  16.00      0.00    0.00      0.03
6  2023-07-31 04:00:00  1690768800  16.00      0.00    0.00      0.03
7  2023-07-31 05:00:00  1690772400  16.00      0.00    0.00      0.05
8  2023-07-31 06:00:00  1690776000  16.00      2.00    2.00      0.08
9  2023-07-31 07:00:00  1690779600  16.00     18.00   20.53      0.09
10 2023-07-31 08:00:00  1690783200  15.00      6.00    6.84      0.09
11 2023-07-31 09:00:00  1690786800  15.00      5.00    5.00      0.09
12 2023-07-31 10:00:00  1690790400  15.00      8.00    8.27      0.07
13 2023-07-31 11:00:00  1690794000  15.00      8.00    7.78      0.07
14 2023-07-31 12:00:00  1690797600  15.00      3.00    3.00      0.07
15 2023-07-31 13:00:00  1690801200  16.00     16.00   14.70      0.06
16 2023-07-31 14:00:00  1690804800  16.00     40.00   36.65      0.06
17 2023-07-31 15:00:00  1690808400  16.00      6.00    5.57      0.06
18 2023-07-31 16:00:00  1690812000  16.00      5.00    5.00      0.07
19 2023-07-31 17:00:00  1690815600  16.00      3.00    3.00      0.08
20 2023-07-31 18:00:00  1690819200  16.00      1.00    1.00      0.09
21 2023-07-31 19:00:00  1690822800  16.00      1.00    1.00      0.10
22 2023-07-31 20:00:00  1690826400  16.00      0.00    0.00      0.10
23 2023-07-31 21:00:00  1690830000  16.00      0.00    0.00      0.10
24 2023-07-31 22:00:00  1690833600  16.00      0.00    0.00      0.10
25 2023-07-31 23:00:00  1690837200  16.00      0.00    0.00      0.09

Prijs levering:
[0.2785177999999999,
 0.25898839999999995,
 0.24807419999999997,
 0.23534499999999997,
 0.22757679999999997,
 0.21089089999999996,
 0.20920899999999995,
 0.23510299999999995,
 0.26765199999999995,
 0.27844519999999995,
 0.2808651999999999,
 0.2782879,
 0.2639857,
 0.255915,
 0.2532409,
 0.24641649999999996,
 0.24582359999999998,
 0.24682789999999996,
 0.2561328,
 0.2659217,
 0.28130079999999996,
 0.2921182,
 0.29505849999999995,
 0.2935944,
 0.28955299999999995,
 0.2803691]

Prijs teruglevering:
[0.2785177999999999,
 0.25898839999999995,
 0.24807419999999997,
 0.23534499999999997,
 0.22757679999999997,
 0.21089089999999996,
 0.20920899999999995,
 0.23510299999999995,
 0.26765199999999995,
 0.27844519999999995,
 0.2808651999999999,
 0.2782879,
 0.2639857,
 0.255915,
 0.2532409,
 0.24641649999999996,
 0.24582359999999998,
 0.24682789999999996,
 0.2561328,
 0.2659217,
 0.28130079999999996,
 0.2921182,
 0.29505849999999995,
 0.2935944,
 0.28955299999999995,
 0.2803691]

Base load:
[0.75,
 0.75,
 0.75,
 0.75,
 0.75,
 0.75,
 0.75,
 0.75,
 0.8,
 0.9,
 1.0,
 1.0,
 1.0,
 1.0,
 1.0,
 1.0,
 1.0,
 1.25,
 1.5,
 1.25,
 1.25,
 1.25,
 1.0,
 1.0]
All taxes refund (alles wordt gesaldeerd)

Boiler:  21 23
EV vermogen: 11.04 kW
EV plugged in: [True]

Auto
Tesla klaar om:  24 uur
Strategie: minimale kosten

Geen saldeer correctie
Niet geoptimaliseerd, kosten met reguliere tarieven:  19.85
Niet geoptimaliseerd, kosten met day ahead tarieven:   7.57
Geoptimaliseerd, kosten met day ahead tarieven:   6.66
Levering (kWh):  22.336000778402337
Waarde boiler om 23 uur:  12.12  kWh
Batterij:  LFP304
In- en uitgaande energie per uur in kWh op de busbar
 uur  ac->dc  dc->ac  dc->ba  ba_dc     pv     soc
  22    0.00    0.00    0.00   0.00   0.00   94.00
  23    0.00    0.00    0.00   0.00   0.00   94.00
   0    0.00    0.00    0.00   0.00   0.00   94.00
   1    0.00    0.00    0.00   0.00   0.00   94.00
   2    0.00    0.00    0.00   0.00   0.00   94.00
   3    0.00    0.00    0.00   0.00   0.00   94.00
   4    0.00    0.00    0.00   0.00   0.00   94.00
   5    0.00    0.00    0.00   0.00   0.00   94.00
   6    0.00    0.00    0.00   0.00   0.00   94.00
   7    0.00    0.00    0.00   0.00   0.00   94.00
   8    0.00    0.00    0.00   0.00   0.00   94.00
   9    0.00    0.00    0.00   0.00   0.00   94.00
  10    0.00    0.00    0.00   0.00   0.00   94.00
  11    0.00    0.00    0.00   0.00   0.00   94.00
  12    0.00    0.00    0.00   0.00   0.00   94.00
  13    0.00    0.00    0.00   0.00   0.00   94.00
  14    0.00    0.00    0.00   0.00   0.00   94.00
  15    0.00    0.00    0.00   0.00   0.00   94.00
  16    0.00    0.00    0.00   0.00   0.00   94.00
  17    0.00    0.00    0.00   0.00   0.00   94.00
  18    0.00    4.77    0.00   4.77   0.00   85.46
  19    0.00   10.53    0.00  10.53   0.00   66.59
  20    0.00   10.53    0.00  10.53   0.00   47.73
  21    0.00   10.53    0.00  10.53   0.00   28.86
  22    0.00   10.53    0.00  10.53   0.00   10.00
  23    0.00    0.00    0.00   0.00   0.00   10.00
 321    0.00   46.87    0.00  46.87   0.00 2128.64


 uur  bat in  bat out  con_l  c_t_t  c_t_n  bas_l   boil     wp     ev     pv  kos_l  k_t_t  k_t_n  kos_t   b_tem
  22    0.00     0.00   1.00   0.00   0.00   1.00   0.00   0.00   0.00   0.00   0.28  -0.00  -0.00  -0.00   53.30
  23    0.00     0.00   4.50   0.00   0.00   1.00   0.00   0.00   3.50   0.00   1.17  -0.00  -0.00  -0.00   52.90
   0    0.00     0.00   0.75   0.00   0.00   0.75   0.00   0.00   0.00   0.00   0.19  -0.00  -0.00  -0.00   52.50
   1    0.00     0.00   0.75   0.00   0.00   0.75   0.00   0.00   0.00   0.00   0.18  -0.00  -0.00  -0.00   52.10
   2    0.00     0.00   0.75   0.00   0.00   0.75   0.00   0.00   0.00   0.00   0.17  -0.00  -0.00  -0.00   51.70
   3    0.00     0.00   0.75   0.00   0.00   0.75   0.00   0.00   0.00   0.00   0.16  -0.00  -0.00  -0.00   51.30
   4    0.00     0.00   0.75   0.00   0.00   0.75   0.00   0.00   0.00   0.00   0.16  -0.00  -0.00  -0.00   50.90
   5    0.00     0.00   0.75   0.00   0.00   0.75   0.00   0.00   0.00   0.00   0.18  -0.00  -0.00  -0.00   50.50
   6    0.00     0.00   0.70   0.00   0.00   0.75   0.00   0.00   0.00   0.05   0.19  -0.00  -0.00  -0.00   50.10
   7    0.00     0.00   0.23   0.00   0.00   0.75   0.00   0.00   0.00   0.52   0.06  -0.00  -0.00  -0.00   49.70
   8    0.00     0.00   0.63   0.00   0.00   0.80   0.00   0.00   0.00   0.17   0.18  -0.00  -0.00  -0.00   49.30
   9    0.00     0.00   0.77   0.00   0.00   0.90   0.00   0.00   0.00   0.13   0.21  -0.00  -0.00  -0.00   48.90
  10    0.00     0.00   0.79   0.00   0.00   1.00   0.00   0.00   0.00   0.21   0.21  -0.00  -0.00  -0.00   48.50
  11    0.00     0.00   0.80   0.00   0.00   1.00   0.00   0.00   0.00   0.20   0.21  -0.00  -0.00  -0.00   48.10
  12    0.00     0.00   0.92   0.00   0.00   1.00   0.00   0.00   0.00   0.08   0.23  -0.00  -0.00  -0.00   47.70
  13    0.00     0.00   0.63   0.00   0.00   1.00   0.00   0.00   0.00   0.37   0.15  -0.00  -0.00  -0.00   47.30
  14    0.00     0.00   0.07   0.00   0.00   1.00   0.00   0.00   0.00   0.93   0.02  -0.00  -0.00  -0.00   46.90
  15    0.00     0.00   0.86   0.00   0.00   1.00   0.00   0.00   0.00   0.14   0.21  -0.00  -0.00  -0.00   46.50
  16    0.00     0.00   0.87   0.00   0.00   1.00   0.00   0.00   0.00   0.13   0.22  -0.00  -0.00  -0.00   46.10
  17    0.00     0.00   1.17   0.00   0.00   1.25   0.00   0.00   0.00   0.08   0.31  -0.00  -0.00  -0.00   45.70
  18    0.00     4.53   0.00   3.05   0.00   1.50   0.00   0.00   0.00   0.03   0.00  -0.86  -0.00  -0.86   45.30
  19    0.00    10.00   0.00   8.78   0.00   1.25   0.00   0.00   0.00   0.03   0.00  -2.56  -0.00  -2.56   44.90
  20    0.00    10.00   0.00   8.75   0.00   1.25   0.00   0.00   0.00   0.00   0.00  -2.58  -0.00  -2.58   44.50
  21    0.00    10.00   0.00   8.75   0.00   1.25   0.00   0.00   0.00   0.00   0.00  -2.57  -0.00  -2.57   44.10
  22    0.00    10.00   0.00   9.00   0.00   1.00   0.00   0.00   0.00   0.00   0.00  -2.61  -0.00  -2.61   43.70
  23    0.00     0.00   3.90   0.00   0.00   1.00   2.90   0.00   0.00   0.00   1.09  -0.00  -0.00  -0.00   54.40
 321    0.00    44.53  22.34  38.33   0.00  25.20   2.90   0.00   3.50   3.06   5.77 -11.18   0.00 -11.18 1266.90

Winst:    0.90

Doorzetten van alle settings naar HA
Netto vermogen uit grid batterij 0:  0  W
Balanceren:  False
