MIP gestart: 31-07-2023 10:52:00 :  get_tibber_data
Locatie:  51.96569895385981:6.729175765067341
MySQL database connection successful. Default database: day_ahead
Tibber data present tot en met: 2023-07-29 23:00:00
{'from': '2023-07-29T22:00:00.000+02:00', 'profit': 2.6151436575, 'production': 8.845} 1690660800 8.845
{'from': '2023-07-29T23:00:00.000+02:00', 'profit': 0.011430628, 'production': 0.04} 1690664400 0.04
{'from': '2023-07-30T00:00:00.000+02:00', 'profit': 0.0127177534, 'production': 0.046} 1690668000 0.046
{'from': '2023-07-30T01:00:00.000+02:00', 'profit': 0.0100645622, 'production': 0.038} 1690671600 0.038
{'from': '2023-07-30T02:00:00.000+02:00', 'profit': 0.012557622, 'production': 0.049} 1690675200 0.049
{'from': '2023-07-30T03:00:00.000+02:00', 'profit': 0.0156258432, 'production': 0.064} 1690678800 0.064
{'from': '2023-07-30T04:00:00.000+02:00', 'profit': 0.0139631701, 'production': 0.059} 1690682400 0.059
{'from': '2023-07-30T05:00:00.000+02:00', 'profit': 0.0137335242, 'production': 0.058} 1690686000 0.058
{'from': '2023-07-30T06:00:00.000+02:00', 'profit': 0.0074082976, 'production': 0.032} 1690689600 0.032
{'from': '2023-07-30T07:00:00.000+02:00', 'profit': 0.0045989559, 'production': 0.021} 1690693200 0.021
{'from': '2023-07-30T08:00:00.000+02:00', 'profit': 0.0058886828, 'production': 0.028} 1690696800 0.028
{'from': '2023-07-30T09:00:00.000+02:00', 'profit': 0.108848333, 'production': 0.59} 1690700400 0.59
{'from': '2023-07-30T10:00:00.000+02:00', 'profit': 0.1318813606, 'production': 0.757} 1690704000 0.757
{'from': '2023-07-30T11:00:00.000+02:00', 'profit': 0, 'production': 0} 1690707600 0.0
{'from': '2023-07-30T12:00:00.000+02:00', 'profit': 0, 'production': 0} 1690711200 0.0
{'from': '2023-07-30T13:00:00.000+02:00', 'profit': 0, 'production': 0} 1690714800 0.0
{'from': '2023-07-30T14:00:00.000+02:00', 'profit': 0, 'production': 0} 1690718400 0.0
{'from': '2023-07-30T15:00:00.000+02:00', 'profit': 0, 'production': 0} 1690722000 0.0
{'from': '2023-07-30T16:00:00.000+02:00', 'profit': 0, 'production': 0} 1690725600 0.0
{'from': '2023-07-30T17:00:00.000+02:00', 'profit': 0, 'production': 0} 1690729200 0.0
{'from': '2023-07-30T18:00:00.000+02:00', 'profit': 0.0374302489, 'production': 0.209} 1690732800 0.209
{'from': '2023-07-30T19:00:00.000+02:00', 'profit': 0.0850774232, 'production': 0.322} 1690736400 0.322
{'from': '2023-07-30T20:00:00.000+02:00', 'profit': 0.0099517176, 'production': 0.036} 1690740000 0.036
{'from': '2023-07-30T21:00:00.000+02:00', 'profit': 0.0092166426, 'production': 0.033} 1690743600 0.033
{'from': '2023-07-30T22:00:00.000+02:00', 'profit': 0.0108621942, 'production': 0.039} 1690747200 0.039
{'from': '2023-07-30T23:00:00.000+02:00', 'profit': 0.01294942, 'production': 0.05} 1690750800 0.05
{'from': '2023-07-29T22:00:00.000+02:00', 'cost': 0.0002956635, 'consumption': 0.001} 1690660800 0.001
{'from': '2023-07-29T23:00:00.000+02:00', 'cost': 0.0040007198, 'consumption': 0.014} 1690664400 0.014
{'from': '2023-07-30T00:00:00.000+02:00', 'cost': 0.0013823645, 'consumption': 0.005} 1690668000 0.005
{'from': '2023-07-30T01:00:00.000+02:00', 'cost': 0.0031782828, 'consumption': 0.012} 1690671600 0.012
{'from': '2023-07-30T02:00:00.000+02:00', 'cost': 0.00128139, 'consumption': 0.005} 1690675200 0.005
{'from': '2023-07-30T03:00:00.000+02:00', 'cost': 0.0007324614, 'consumption': 0.003} 1690678800 0.003
{'from': '2023-07-30T04:00:00.000+02:00', 'cost': 0.0007099917, 'consumption': 0.003} 1690682400 0.003
{'from': '2023-07-30T05:00:00.000+02:00', 'cost': 0.0004735698, 'consumption': 0.002} 1690686000 0.002
{'from': '2023-07-30T06:00:00.000+02:00', 'cost': 0.0016205651, 'consumption': 0.007} 1690689600 0.007
{'from': '2023-07-30T07:00:00.000+02:00', 'cost': 0.0056939454, 'consumption': 0.026} 1690693200 0.026
{'from': '2023-07-30T08:00:00.000+02:00', 'cost': 0.0048371323, 'consumption': 0.023} 1690696800 0.023
{'from': '2023-07-30T09:00:00.000+02:00', 'cost': 0.0001844887, 'consumption': 0.001} 1690700400 0.001
{'from': '2023-07-30T10:00:00.000+02:00', 'cost': 0.3794420124, 'consumption': 2.178} 1690704000 2.178
{'from': '2023-07-30T11:00:00.000+02:00', 'cost': 2.7576114533, 'consumption': 17.809} 1690707600 17.809
{'from': '2023-07-30T12:00:00.000+02:00', 'cost': 2.6803741888, 'consumption': 18.208} 1690711200 18.208
{'from': '2023-07-30T13:00:00.000+02:00', 'cost': 1.670824386, 'consumption': 18.27} 1690714800 18.27
{'from': '2023-07-30T14:00:00.000+02:00', 'cost': 1.0440451604, 'consumption': 15.419} 1690718400 15.419
{'from': '2023-07-30T15:00:00.000+02:00', 'cost': 0.6128087471, 'consumption': 6.107} 1690722000 6.107
{'from': '2023-07-30T16:00:00.000+02:00', 'cost': 0.6531807843, 'consumption': 4.749} 1690725600 4.749
{'from': '2023-07-30T17:00:00.000+02:00', 'cost': 1.1866632987, 'consumption': 7.381} 1690729200 7.381
{'from': '2023-07-30T18:00:00.000+02:00', 'cost': 0.4894587093, 'consumption': 2.733} 1690732800 2.733
{'from': '2023-07-30T19:00:00.000+02:00', 'cost': 0.0055485276, 'consumption': 0.021} 1690736400 0.021
{'from': '2023-07-30T20:00:00.000+02:00', 'cost': 0.0038701124, 'consumption': 0.014} 1690740000 0.014
{'from': '2023-07-30T21:00:00.000+02:00', 'cost': 0.0050272596, 'consumption': 0.018} 1690743600 0.018
{'from': '2023-07-30T22:00:00.000+02:00', 'cost': 0.0038992492, 'consumption': 0.014} 1690747200 0.014
{'from': '2023-07-30T23:00:00.000+02:00', 'cost': 0.0020719072, 'consumption': 0.008} 1690750800 0.008
           time    code  value
0    1690660800    prod   8.85
1    1690660800  profit   2.62
2    1690664400    prod   0.04
3    1690664400  profit   0.01
4    1690668000    prod   0.05
..          ...     ...    ...
99   1690743600    cost   0.01
100  1690747200    cons   0.01
101  1690747200    cost   0.00
102  1690750800    cons   0.01
103  1690750800    cost   0.00

[104 rows x 3 columns]
