MIP gestart: 31-07-2023 09:51:00 :  get_meteo_data
Locatie:  51.96569895385981:6.729175765067341
MySQL database connection successful. Default database: day_ahead
          tijd           tijd_nl   gr temp solar_rad
0   1690786800  31-07-2023 10:00    3   16      3.00
1   1690790400  31-07-2023 11:00    3   16      3.00
2   1690794000  31-07-2023 12:00    3   16      3.00
3   1690797600  31-07-2023 13:00   10   16      9.36
4   1690801200  31-07-2023 14:00   29   17     26.64
5   1690804800  31-07-2023 15:00   49   17     44.89
6   1690808400  31-07-2023 16:00   16   17     14.86
7   1690812000  31-07-2023 17:00   39   17     37.37
8   1690815600  31-07-2023 18:00   17   17     17.17
9   1690819200  31-07-2023 19:00    2   17      2.00
10  1690822800  31-07-2023 20:00    0   17         0
11  1690826400  31-07-2023 21:00    1   16      1.00
12  1690830000  31-07-2023 22:00    0   16         0
13  1690833600  31-07-2023 23:00    0   16         0
14  1690837200  01-08-2023 00:00    0   16         0
15  1690840800  01-08-2023 01:00    0   16         0
16  1690844400  01-08-2023 02:00    0   16         0
17  1690848000  01-08-2023 03:00    0   16         0
18  1690851600  01-08-2023 04:00    0   16         0
19  1690855200  01-08-2023 05:00    0   16         0
20  1690858800  01-08-2023 06:00    0   15         0
21  1690862400  01-08-2023 07:00    7   15      4.83
22  1690866000  01-08-2023 08:00   55   16     83.58
23  1690869600  01-08-2023 09:00   63   16     83.01
24  1690873200  01-08-2023 10:00   78   17     99.26
25  1690876800  01-08-2023 11:00   34   17     35.21
26  1690880400  01-08-2023 12:00   98   17     98.16
27  1690884000  01-08-2023 13:00   50   17     46.88
28  1690887600  01-08-2023 14:00   67   17     61.63
29  1690891200  01-08-2023 15:00  145   17    135.90
30  1690894800  01-08-2023 16:00  206   18    204.99
31  1690898400  01-08-2023 17:00  170   18    180.86
32  1690902000  01-08-2023 18:00  143   18    172.03
33  1690905600  01-08-2023 19:00   51   17     58.60
34  1690909200  01-08-2023 20:00   73   17    114.91
35  1690912800  01-08-2023 21:00   26   17     37.75
36  1690916400  01-08-2023 22:00    1   17      1.00
37  1690920000  01-08-2023 23:00    0   16         0
38  1690923600  02-08-2023 00:00    0   16         0
39  1690927200  02-08-2023 01:00    0   16         0
40  1690930800  02-08-2023 02:00    0   15         0
