MIP gestart: 30-07-2023 21:51:00 :  get_meteo_data
Locatie:  51.96569895385981:6.729175765067341
MySQL database connection successful. Default database: day_ahead
          tijd           tijd_nl   gr temp solar_rad
0   1690743600  30-07-2023 22:00    1   18      1.00
1   1690747200  30-07-2023 23:00    0   17         0
2   1690750800  31-07-2023 00:00    0   16         0
3   1690754400  31-07-2023 01:00    0   16         0
4   1690758000  31-07-2023 02:00    0   16         0
5   1690761600  31-07-2023 03:00    0   16         0
6   1690765200  31-07-2023 04:00    0   16         0
7   1690768800  31-07-2023 05:00    0   16         0
8   1690772400  31-07-2023 06:00    0   16         0
9   1690776000  31-07-2023 07:00    2   16      2.00
10  1690779600  31-07-2023 08:00   18   16     20.53
11  1690783200  31-07-2023 09:00    6   15      6.84
12  1690786800  31-07-2023 10:00    5   15      5.00
13  1690790400  31-07-2023 11:00    8   15      8.27
14  1690794000  31-07-2023 12:00    8   15      7.78
15  1690797600  31-07-2023 13:00    3   15      3.00
16  1690801200  31-07-2023 14:00   16   16     14.70
17  1690804800  31-07-2023 15:00   40   16     36.65
18  1690808400  31-07-2023 16:00    6   16      5.57
19  1690812000  31-07-2023 17:00    5   16      5.00
20  1690815600  31-07-2023 18:00    3   16      3.00
21  1690819200  31-07-2023 19:00    1   16      1.00
22  1690822800  31-07-2023 20:00    1   16      1.00
23  1690826400  31-07-2023 21:00    0   16         0
24  1690830000  31-07-2023 22:00    0   16         0
25  1690833600  31-07-2023 23:00    0   16         0
26  1690837200  01-08-2023 00:00    0   16         0
27  1690840800  01-08-2023 01:00    0   16         0
28  1690844400  01-08-2023 02:00    0   16         0
29  1690848000  01-08-2023 03:00    0   16         0
30  1690851600  01-08-2023 04:00    0   16         0
31  1690855200  01-08-2023 05:00    0   16         0
32  1690858800  01-08-2023 06:00    0   16         0
33  1690862400  01-08-2023 07:00    0   16         0
34  1690866000  01-08-2023 08:00   23   16     26.56
35  1690869600  01-08-2023 09:00   69   17     93.71
36  1690873200  01-08-2023 10:00    7   17      7.98
37  1690876800  01-08-2023 11:00   79   17     84.64
38  1690880400  01-08-2023 12:00   95   17     94.84
39  1690884000  01-08-2023 13:00  123   18    118.38
40  1690887600  01-08-2023 14:00   83   17     76.37
