MIP gestart: 31-07-2023 03:51:00 :  get_meteo_data
Locatie:  51.96569895385981:6.729175765067341
MySQL database connection successful. Default database: day_ahead
          tijd           tijd_nl   gr temp solar_rad
0   1690765200  31-07-2023 04:00    0   15         0
1   1690768800  31-07-2023 05:00    0   15         0
2   1690772400  31-07-2023 06:00    0   15         0
3   1690776000  31-07-2023 07:00    0   15         0
4   1690779600  31-07-2023 08:00   15   15     17.11
5   1690783200  31-07-2023 09:00    4   15      4.00
6   1690786800  31-07-2023 10:00    3   15      3.00
7   1690790400  31-07-2023 11:00    8   15      8.27
8   1690794000  31-07-2023 12:00    6   15      5.83
9   1690797600  31-07-2023 13:00   11   16     10.30
10  1690801200  31-07-2023 14:00   69   17     63.38
11  1690804800  31-07-2023 15:00  106   17     97.90
12  1690808400  31-07-2023 16:00    8   17      7.43
13  1690812000  31-07-2023 17:00   14   17     13.42
14  1690815600  31-07-2023 18:00    4   17      4.00
15  1690819200  31-07-2023 19:00    1   17      1.00
16  1690822800  31-07-2023 20:00    1   17      1.00
17  1690826400  31-07-2023 21:00    0   17         0
18  1690830000  31-07-2023 22:00    0   17         0
19  1690833600  31-07-2023 23:00    0   17         0
20  1690837200  01-08-2023 00:00    0   17         0
21  1690840800  01-08-2023 01:00    0   17         0
22  1690844400  01-08-2023 02:00    0   17         0
23  1690848000  01-08-2023 03:00    0   17         0
24  1690851600  01-08-2023 04:00    0   17         0
25  1690855200  01-08-2023 05:00    0   17         0
26  1690858800  01-08-2023 06:00    0   17         0
27  1690862400  01-08-2023 07:00   10   17      6.04
28  1690866000  01-08-2023 08:00   11   17     12.55
29  1690869600  01-08-2023 09:00   53   17     66.26
30  1690873200  01-08-2023 10:00   54   17     62.40
31  1690876800  01-08-2023 11:00  143   18    173.92
32  1690880400  01-08-2023 12:00  140   18    146.77
33  1690884000  01-08-2023 13:00   77   17     72.19
34  1690887600  01-08-2023 14:00   76   17     69.90
35  1690891200  01-08-2023 15:00   53   17     48.62
36  1690894800  01-08-2023 16:00  145   18    139.88
37  1690898400  01-08-2023 17:00  184   18    198.35
38  1690902000  01-08-2023 18:00  122   18    141.21
39  1690905600  01-08-2023 19:00   91   18    122.85
40  1690909200  01-08-2023 20:00   68   18    103.86
